This is pdfTeX, Version 3.1415926-2.4-1.40.13 (TeX Live 2012/Debian) (format=pdflatex 2014.7.23)  25 JUL 2014 10:42
entering extended mode
 restricted \write18 enabled.
 %&-line parsing enabled.
**lycee.tex
(./lycee.tex
LaTeX2e <2011/06/27>
Babel <v3.8m> and hyphenation patterns for english, dumylang, nohyphenation, fr
ench, basque, loaded.
! Undefined control sequence.
l.1 \chapter
            {Rappels du lyc\'ee}
? 
! Emergency stop.
l.1 \chapter
            {Rappels du lyc\'ee}
End of file on the terminal!

 
Here is how much of TeX's memory you used:
 5 strings out of 495030
 125 string characters out of 3180761
 45089 words of memory out of 3000000
 3297 multiletter control sequences out of 15000+200000
 3640 words of font info for 14 fonts, out of 3000000 for 9000
 14 hyphenation exceptions out of 8191
 5i,0n,1p,40b,8s stack positions out of 5000i,500n,10000p,200000b,50000s
!  ==> Fatal error occurred, no output PDF file produced!
